Analysis & Elaboration report for arm
Tue Oct 24 11:18:18 2023
Quartus Prime Version 22.1std.0 Build 915 10/25/2022 SC Lite Edition


---------------------
; Table of Contents ;
---------------------
  1. Legal Notice
  2. Analysis & Elaboration Summary
  3. Parallel Compilation
  4. Analysis & Elaboration Settings
  5. Analysis & Elaboration Messages
  6. Analysis & Elaboration Suppressed Messages



----------------
; Legal Notice ;
----------------
Copyright (C) 2022  Intel Corporation. All rights reserved.
Your use of Intel Corporation's design tools, logic functions 
and other software and tools, and any partner logic 
functions, and any output files from any of the foregoing 
(including device programming or simulation files), and any 
associated documentation or information are expressly subject 
to the terms and conditions of the Intel Program License 
Subscription Agreement, the Intel Quartus Prime License Agreement,
the Intel FPGA IP License Agreement, or other applicable license
agreement, including, without limitation, that your use is for
the sole purpose of programming logic devices manufactured by
Intel and sold by Intel or its authorized distributors.  Please
refer to the applicable agreement for further details, at
https://fpgasoftware.intel.com/eula.



+--------------------------------------------------------------------------------+
; Analysis & Elaboration Summary                                                 ;
+-------------------------------+------------------------------------------------+
; Analysis & Elaboration Status ; Failed - Tue Oct 24 11:18:18 2023              ;
; Quartus Prime Version         ; 22.1std.0 Build 915 10/25/2022 SC Lite Edition ;
; Revision Name                 ; arm                                            ;
; Top-level Entity Name         ; top                                            ;
; Family                        ; Cyclone V                                      ;
; Logic utilization (in ALMs)   ; N/A until Partition Merge                      ;
; Total registers               ; N/A until Partition Merge                      ;
; Total pins                    ; N/A until Partition Merge                      ;
; Total virtual pins            ; N/A until Partition Merge                      ;
; Total block memory bits       ; N/A until Partition Merge                      ;
; Total PLLs                    ; N/A until Partition Merge                      ;
; Total DLLs                    ; N/A until Partition Merge                      ;
+-------------------------------+------------------------------------------------+


+------------------------------------------+
; Parallel Compilation                     ;
+----------------------------+-------------+
; Processors                 ; Number      ;
+----------------------------+-------------+
; Number detected on machine ; 12          ;
; Maximum allowed            ; 12          ;
;                            ;             ;
; Average used               ; 1.00        ;
; Maximum used               ; 1           ;
;                            ;             ;
; Usage by Processor         ; % Time Used ;
;     Processor 1            ; 100.0%      ;
+----------------------------+-------------+


+---------------------------------------------------------------------------------------------------------------------------+
; Analysis & Elaboration Settings                                                                                           ;
+---------------------------------------------------------------------------------+--------------------+--------------------+
; Option                                                                          ; Setting            ; Default Value      ;
+---------------------------------------------------------------------------------+--------------------+--------------------+
; Device                                                                          ; 5CGXFC7C7F23C8     ;                    ;
; Top-level entity name                                                           ; top                ; arm                ;
; Family name                                                                     ; Cyclone V          ; Cyclone V          ;
; Use smart compilation                                                           ; Off                ; Off                ;
; Enable parallel Assembler and Timing Analyzer during compilation                ; On                 ; On                 ;
; Enable compact report table                                                     ; Off                ; Off                ;
; Restructure Multiplexers                                                        ; Auto               ; Auto               ;
; MLAB Add Timing Constraints For Mixed-Port Feed-Through Mode Setting Don't Care ; Off                ; Off                ;
; Create Debugging Nodes for IP Cores                                             ; Off                ; Off                ;
; Preserve fewer node names                                                       ; On                 ; On                 ;
; Intel FPGA IP Evaluation Mode                                                   ; Enable             ; Enable             ;
; Verilog Version                                                                 ; Verilog_2001       ; Verilog_2001       ;
; VHDL Version                                                                    ; VHDL_1993          ; VHDL_1993          ;
; State Machine Processing                                                        ; Auto               ; Auto               ;
; Safe State Machine                                                              ; Off                ; Off                ;
; Extract Verilog State Machines                                                  ; On                 ; On                 ;
; Extract VHDL State Machines                                                     ; On                 ; On                 ;
; Ignore Verilog initial constructs                                               ; Off                ; Off                ;
; Iteration limit for constant Verilog loops                                      ; 5000               ; 5000               ;
; Iteration limit for non-constant Verilog loops                                  ; 250                ; 250                ;
; Add Pass-Through Logic to Inferred RAMs                                         ; On                 ; On                 ;
; Infer RAMs from Raw Logic                                                       ; On                 ; On                 ;
; Parallel Synthesis                                                              ; On                 ; On                 ;
; DSP Block Balancing                                                             ; Auto               ; Auto               ;
; NOT Gate Push-Back                                                              ; On                 ; On                 ;
; Power-Up Don't Care                                                             ; On                 ; On                 ;
; Remove Redundant Logic Cells                                                    ; Off                ; Off                ;
; Remove Duplicate Registers                                                      ; On                 ; On                 ;
; Ignore CARRY Buffers                                                            ; Off                ; Off                ;
; Ignore CASCADE Buffers                                                          ; Off                ; Off                ;
; Ignore GLOBAL Buffers                                                           ; Off                ; Off                ;
; Ignore ROW GLOBAL Buffers                                                       ; Off                ; Off                ;
; Ignore LCELL Buffers                                                            ; Off                ; Off                ;
; Ignore SOFT Buffers                                                             ; On                 ; On                 ;
; Limit AHDL Integers to 32 Bits                                                  ; Off                ; Off                ;
; Optimization Technique                                                          ; Balanced           ; Balanced           ;
; Carry Chain Length                                                              ; 70                 ; 70                 ;
; Auto Carry Chains                                                               ; On                 ; On                 ;
; Auto Open-Drain Pins                                                            ; On                 ; On                 ;
; Perform WYSIWYG Primitive Resynthesis                                           ; Off                ; Off                ;
; Auto ROM Replacement                                                            ; On                 ; On                 ;
; Auto RAM Replacement                                                            ; On                 ; On                 ;
; Auto DSP Block Replacement                                                      ; On                 ; On                 ;
; Auto Shift Register Replacement                                                 ; Auto               ; Auto               ;
; Allow Shift Register Merging across Hierarchies                                 ; Auto               ; Auto               ;
; Auto Clock Enable Replacement                                                   ; On                 ; On                 ;
; Strict RAM Replacement                                                          ; Off                ; Off                ;
; Allow Synchronous Control Signals                                               ; On                 ; On                 ;
; Force Use of Synchronous Clear Signals                                          ; Off                ; Off                ;
; Auto Resource Sharing                                                           ; Off                ; Off                ;
; Allow Any RAM Size For Recognition                                              ; Off                ; Off                ;
; Allow Any ROM Size For Recognition                                              ; Off                ; Off                ;
; Allow Any Shift Register Size For Recognition                                   ; Off                ; Off                ;
; Use LogicLock Constraints during Resource Balancing                             ; On                 ; On                 ;
; Ignore translate_off and synthesis_off directives                               ; Off                ; Off                ;
; Timing-Driven Synthesis                                                         ; On                 ; On                 ;
; Report Parameter Settings                                                       ; On                 ; On                 ;
; Report Source Assignments                                                       ; On                 ; On                 ;
; Report Connectivity Checks                                                      ; On                 ; On                 ;
; Ignore Maximum Fan-Out Assignments                                              ; Off                ; Off                ;
; Synchronization Register Chain Length                                           ; 3                  ; 3                  ;
; Power Optimization During Synthesis                                             ; Normal compilation ; Normal compilation ;
; HDL message level                                                               ; Level2             ; Level2             ;
; Suppress Register Optimization Related Messages                                 ; Off                ; Off                ;
; Number of Removed Registers Reported in Synthesis Report                        ; 5000               ; 5000               ;
; Number of Swept Nodes Reported in Synthesis Report                              ; 5000               ; 5000               ;
; Number of Inverted Registers Reported in Synthesis Report                       ; 100                ; 100                ;
; Clock MUX Protection                                                            ; On                 ; On                 ;
; Auto Gated Clock Conversion                                                     ; Off                ; Off                ;
; Block Design Naming                                                             ; Auto               ; Auto               ;
; SDC constraint protection                                                       ; Off                ; Off                ;
; Synthesis Effort                                                                ; Auto               ; Auto               ;
; Shift Register Replacement - Allow Asynchronous Clear Signal                    ; On                 ; On                 ;
; Pre-Mapping Resynthesis Optimization                                            ; Off                ; Off                ;
; Analysis & Synthesis Message Level                                              ; Medium             ; Medium             ;
; Disable Register Merging Across Hierarchies                                     ; Auto               ; Auto               ;
; Resource Aware Inference For Block RAM                                          ; On                 ; On                 ;
; Automatic Parallel Synthesis                                                    ; On                 ; On                 ;
; Partial Reconfiguration Bitstream ID                                            ; Off                ; Off                ;
+---------------------------------------------------------------------------------+--------------------+--------------------+


+---------------------------------+
; Analysis & Elaboration Messages ;
+---------------------------------+
Info: *******************************************************************
Info: Running Quartus Prime Analysis & Elaboration
    Info: Version 22.1std.0 Build 915 10/25/2022 SC Lite Edition
    Info: Processing started: Tue Oct 24 11:18:07 2023
Info: Command: quartus_map --read_settings_files=on --write_settings_files=off arm -c arm --analysis_and_elaboration
Warning (18236): Number of processors has not been specified which may cause overloading on shared machines.  Set the global assignment NUM_PARALLEL_PROCESSORS in your QSF to an appropriate value for best performance.
Info (20030): Parallel compilation is enabled and will use 12 of the 12 processors detected
Info (12021): Found 1 design units, including 1 entities, in source file testbench.sv
    Info (12023): Found entity 1: testbench File: C:/Users/joedu/OneDrive/Escritorio/ARM_Uniciclo/testbench.sv Line: 1
Info (12021): Found 1 design units, including 1 entities, in source file regfile.sv
    Info (12023): Found entity 1: regfile File: C:/Users/joedu/OneDrive/Escritorio/ARM_Uniciclo/regfile.sv Line: 1
Info (12021): Found 1 design units, including 1 entities, in source file mux2.sv
    Info (12023): Found entity 1: mux2 File: C:/Users/joedu/OneDrive/Escritorio/ARM_Uniciclo/mux2.sv Line: 1
Info (12021): Found 1 design units, including 1 entities, in source file flopr.sv
    Info (12023): Found entity 1: flopr File: C:/Users/joedu/OneDrive/Escritorio/ARM_Uniciclo/flopr.sv Line: 1
Info (12021): Found 1 design units, including 1 entities, in source file flopenr.sv
    Info (12023): Found entity 1: flopenr File: C:/Users/joedu/OneDrive/Escritorio/ARM_Uniciclo/flopenr.sv Line: 1
Info (12021): Found 1 design units, including 1 entities, in source file extend.sv
    Info (12023): Found entity 1: extend File: C:/Users/joedu/OneDrive/Escritorio/ARM_Uniciclo/extend.sv Line: 1
Info (12021): Found 1 design units, including 1 entities, in source file decoder.sv
    Info (12023): Found entity 1: decoder File: C:/Users/joedu/OneDrive/Escritorio/ARM_Uniciclo/decoder.sv Line: 1
Info (12021): Found 1 design units, including 1 entities, in source file datapath.sv
    Info (12023): Found entity 1: datapath File: C:/Users/joedu/OneDrive/Escritorio/ARM_Uniciclo/datapath.sv Line: 1
Info (12021): Found 1 design units, including 1 entities, in source file controller.sv
    Info (12023): Found entity 1: controller File: C:/Users/joedu/OneDrive/Escritorio/ARM_Uniciclo/controller.sv Line: 1
Info (12021): Found 2 design units, including 2 entities, in source file condlogic.sv
    Info (12023): Found entity 1: condlogic File: C:/Users/joedu/OneDrive/Escritorio/ARM_Uniciclo/condlogic.sv Line: 1
    Info (12023): Found entity 2: condcheck File: C:/Users/joedu/OneDrive/Escritorio/ARM_Uniciclo/condlogic.sv Line: 25
Info (12021): Found 1 design units, including 1 entities, in source file arm.sv
    Info (12023): Found entity 1: arm File: C:/Users/joedu/OneDrive/Escritorio/ARM_Uniciclo/arm.sv Line: 1
Warning (12019): Can't analyze file -- file testbech.sv is missing
Info (12021): Found 1 design units, including 1 entities, in source file top.sv
    Info (12023): Found entity 1: top File: C:/Users/joedu/OneDrive/Escritorio/ARM_Uniciclo/top.sv Line: 1
Info (12021): Found 1 design units, including 1 entities, in source file imem.sv
    Info (12023): Found entity 1: imem File: C:/Users/joedu/OneDrive/Escritorio/ARM_Uniciclo/imem.sv Line: 1
Info (12021): Found 1 design units, including 1 entities, in source file dmem.sv
    Info (12023): Found entity 1: dmem File: C:/Users/joedu/OneDrive/Escritorio/ARM_Uniciclo/dmem.sv Line: 1
Info (12021): Found 1 design units, including 1 entities, in source file adder.sv
    Info (12023): Found entity 1: adder File: C:/Users/joedu/OneDrive/Escritorio/ARM_Uniciclo/adder.sv Line: 1
Info (12127): Elaborating entity "top" for the top level hierarchy
Info (12128): Elaborating entity "arm" for hierarchy "arm:arm" File: C:/Users/joedu/OneDrive/Escritorio/ARM_Uniciclo/top.sv Line: 8
Info (12128): Elaborating entity "controller" for hierarchy "arm:arm|controller:c" File: C:/Users/joedu/OneDrive/Escritorio/ARM_Uniciclo/arm.sv Line: 15
Info (12128): Elaborating entity "decoder" for hierarchy "arm:arm|controller:c|decoder:dec" File: C:/Users/joedu/OneDrive/Escritorio/ARM_Uniciclo/controller.sv Line: 17
Info (12128): Elaborating entity "condlogic" for hierarchy "arm:arm|controller:c|condlogic:cl" File: C:/Users/joedu/OneDrive/Escritorio/ARM_Uniciclo/controller.sv Line: 21
Info (12128): Elaborating entity "flopenr" for hierarchy "arm:arm|controller:c|condlogic:cl|flopenr:flagreg1" File: C:/Users/joedu/OneDrive/Escritorio/ARM_Uniciclo/condlogic.sv Line: 13
Info (12128): Elaborating entity "condcheck" for hierarchy "arm:arm|controller:c|condlogic:cl|condcheck:cc" File: C:/Users/joedu/OneDrive/Escritorio/ARM_Uniciclo/condlogic.sv Line: 17
Info (12128): Elaborating entity "datapath" for hierarchy "arm:arm|datapath:dp" File: C:/Users/joedu/OneDrive/Escritorio/ARM_Uniciclo/arm.sv Line: 22
Info (12128): Elaborating entity "mux2" for hierarchy "arm:arm|datapath:dp|mux2:pcmux" File: C:/Users/joedu/OneDrive/Escritorio/ARM_Uniciclo/datapath.sv Line: 21
Info (12128): Elaborating entity "flopr" for hierarchy "arm:arm|datapath:dp|flopr:pcreg" File: C:/Users/joedu/OneDrive/Escritorio/ARM_Uniciclo/datapath.sv Line: 22
Info (12128): Elaborating entity "adder" for hierarchy "arm:arm|datapath:dp|adder:pcadd1" File: C:/Users/joedu/OneDrive/Escritorio/ARM_Uniciclo/datapath.sv Line: 23
Info (12128): Elaborating entity "mux2" for hierarchy "arm:arm|datapath:dp|mux2:ra1mux" File: C:/Users/joedu/OneDrive/Escritorio/ARM_Uniciclo/datapath.sv Line: 27
Info (12128): Elaborating entity "regfile" for hierarchy "arm:arm|datapath:dp|regfile:rf" File: C:/Users/joedu/OneDrive/Escritorio/ARM_Uniciclo/datapath.sv Line: 31
Info (12128): Elaborating entity "extend" for hierarchy "arm:arm|datapath:dp|extend:ext" File: C:/Users/joedu/OneDrive/Escritorio/ARM_Uniciclo/datapath.sv Line: 34
Info (12128): Elaborating entity "imem" for hierarchy "imem:imem" File: C:/Users/joedu/OneDrive/Escritorio/ARM_Uniciclo/top.sv Line: 10
Warning (10850): Verilog HDL warning at imem.sv(7): number of words (0) in memory file does not match the number of elements in the address range [0:63] File: C:/Users/joedu/OneDrive/Escritorio/ARM_Uniciclo/imem.sv Line: 7
Warning (10030): Net "RAM.data_a" at imem.sv(4) has no driver or initial value, using a default initial value '0' File: C:/Users/joedu/OneDrive/Escritorio/ARM_Uniciclo/imem.sv Line: 4
Warning (10030): Net "RAM.waddr_a" at imem.sv(4) has no driver or initial value, using a default initial value '0' File: C:/Users/joedu/OneDrive/Escritorio/ARM_Uniciclo/imem.sv Line: 4
Warning (10030): Net "RAM.we_a" at imem.sv(4) has no driver or initial value, using a default initial value '0' File: C:/Users/joedu/OneDrive/Escritorio/ARM_Uniciclo/imem.sv Line: 4
Info (12128): Elaborating entity "dmem" for hierarchy "dmem:dmem" File: C:/Users/joedu/OneDrive/Escritorio/ARM_Uniciclo/top.sv Line: 11
Error (12006): Node instance "alu" instantiates undefined entity "alu". Ensure that required library paths are specified correctly, define the specified entity, or change the instantiation. If this entity represents Intel FPGA or third-party IP, generate the synthesis files for the IP. File: C:/Users/joedu/OneDrive/Escritorio/ARM_Uniciclo/datapath.sv Line: 38
Info (144001): Generated suppressed messages file C:/Users/joedu/OneDrive/Escritorio/ARM_Uniciclo/output_files/arm.map.smsg
Error: Quartus Prime Analysis & Elaboration was unsuccessful. 1 error, 6 warnings
    Error: Peak virtual memory: 4798 megabytes
    Error: Processing ended: Tue Oct 24 11:18:18 2023
    Error: Elapsed time: 00:00:11
    Error: Total CPU time (on all processors): 00:00:15


+--------------------------------------------+
; Analysis & Elaboration Suppressed Messages ;
+--------------------------------------------+
The suppressed messages can be found in C:/Users/joedu/OneDrive/Escritorio/ARM_Uniciclo/output_files/arm.map.smsg.


